<?xml version="1.0" encoding="UTF-8"?>
<!-- Generated by org.testng.reporters.JUnitReportReporter -->
<testsuite skipped="0" hostname="LAPTOP-VVQB2GH0" name="com.e2e.test.validateNavigationBar" tests="1" failures="0" timestamp="2021-02-09T15:32:36 IST" time="0.392" errors="0">
  <testcase name="basePageNavigation" time="0.392" classname="com.e2e.test.validateNavigationBar"/>
  <system-out/>
</testsuite> <!-- com.e2e.test.validateNavigationBar -->
