<?xml version="1.0" encoding="UTF-8"?>
<!-- Generated by org.testng.reporters.JUnitReportReporter -->
<testsuite hostname="LAPTOP-VVQB2GH0" failures="0" tests="1" name="test.Day2" time="0.001" errors="0" timestamp="2021-02-05T15:19:45 IST" skipped="0">
  <testcase classname="test.Day2" name="demo2" time="0.001"/>
  <system-out/>
</testsuite> <!-- test.Day2 -->
