<?xml version="1.0" encoding="UTF-8"?>
<!-- Generated by org.testng.reporters.JUnitReportReporter -->
<testsuite hostname="LAPTOP-VVQB2GH0" failures="0" tests="7" name="test.Day3" time="0.012" errors="0" timestamp="2021-02-05T15:19:45 IST" skipped="1">
  <testcase classname="test.Day3" name="MobileHomepageCarLoan" time="0.002"/>
  <system-out/>
  <testcase classname="test.Day3" name="MobileLogoutCarLoan" time="0.001"/>
  <system-out/>
  <testcase classname="test.Day3" name="MobileHomepageCarLoan" time="0.002"/>
  <system-out/>
  <testcase classname="test.Day3" name="MobileHomepageCarLoan" time="0.001"/>
  <system-out/>
  <testcase classname="test.Day3" name="WebLoginCarLoan" time="0.006"/>
  <system-out/>
  <testcase classname="test.Day3" name="LoginAPICarLoan" time="0.000"/>
  <system-out/>
  <testcase classname="test.Day3" name="MobileLoginCarLoan">
    <skipped/>
  </testcase> <!-- MobileLoginCarLoan -->
  <system-out/>
</testsuite> <!-- test.Day3 -->
