<?xml version="1.0" encoding="UTF-8"?>
<!-- Generated by org.testng.reporters.JUnitReportReporter -->
<testsuite hostname="LAPTOP-VVQB2GH0" failures="0" tests="1" name="test.Day1" time="0.003" errors="0" timestamp="2021-02-05T15:19:45 IST" skipped="0">
  <testcase classname="test.Day1" name="demo" time="0.003"/>
  <system-out/>
</testsuite> <!-- test.Day1 -->
