<?xml version="1.0" encoding="UTF-8"?>
<!-- Generated by org.testng.reporters.JUnitReportReporter -->
<testsuite hostname="LAPTOP-VVQB2GH0" failures="0" tests="1" name="com.maven.SeleniumTest" time="0.032" errors="0" timestamp="2021-02-05T18:05:27 IST" skipped="0">
  <testcase classname="com.maven.SeleniumTest" name="BrowserAutomation" time="0.032"/>
  <system-out/>
</testsuite> <!-- com.maven.SeleniumTest -->
