<?xml version="1.0" encoding="UTF-8"?>
<!-- Generated by org.testng.reporters.JUnitReportReporter -->
<testsuite hostname="LAPTOP-VVQB2GH0" failures="0" tests="1" name="com.maven.ExtentReportDemo" time="6.274" errors="0" timestamp="2021-02-06T15:37:18 IST" skipped="0">
  <testcase classname="com.maven.ExtentReportDemo" name="initialDemo" time="6.274"/>
  <system-out/>
</testsuite> <!-- com.maven.ExtentReportDemo -->
