<?xml version="1.0" encoding="UTF-8"?>
<!-- Generated by org.testng.reporters.JUnitReportReporter -->
<testsuite hostname="LAPTOP-VVQB2GH0" failures="0" tests="1" name="com.testcases.RediffLoginTest" time="14.675" errors="0" timestamp="2021-02-07T14:58:04 IST" skipped="0">
  <testcase classname="com.testcases.RediffLoginTest" name="login" time="14.675"/>
  <system-out/>
</testsuite> <!-- com.testcases.RediffLoginTest -->
