<?xml version="1.0" encoding="UTF-8"?>
<!-- Generated by org.testng.reporters.JUnitReportReporter -->
<testsuite hostname="LAPTOP-VVQB2GH0" failures="0" tests="1" name="com.e2e.test.validateNavigationBar" time="0.193" errors="0" timestamp="2021-02-09T12:19:52 IST" skipped="0">
  <testcase classname="com.e2e.test.validateNavigationBar" name="basePageNavigation" time="0.193"/>
  <system-out/>
</testsuite> <!-- com.e2e.test.validateNavigationBar -->
