<?xml version="1.0" encoding="UTF-8"?>
<!-- Generated by org.testng.reporters.JUnitReportReporter -->
<testsuite hostname="LAPTOP-VVQB2GH0" failures="0" tests="2" name="com.e2e.test.HomePage" time="9.841" errors="0" timestamp="2021-02-09T12:19:52 IST" skipped="0">
  <testcase classname="com.e2e.test.HomePage" name="basePageNavigation" time="2.887"/>
  <system-out/>
  <testcase classname="com.e2e.test.HomePage" name="basePageNavigation" time="6.954"/>
  <system-out/>
</testsuite> <!-- com.e2e.test.HomePage -->
