<?xml version="1.0" encoding="UTF-8"?>
<!-- Generated by org.testng.reporters.JUnitReportReporter -->
<testsuite hostname="LAPTOP-VVQB2GH0" failures="0" tests="3" name="test1" time="0.011" errors="0" timestamp="2021-01-31T21:50:42 IST" skipped="0">
  <testcase classname="test1" name="regular" time="0.005"/>
  <system-out/>
  <testcase classname="test1" name="streamFilter" time="0.004"/>
  <system-out/>
  <testcase classname="test1" name="streamMap" time="0.002"/>
  <system-out/>
</testsuite> <!-- test1 -->
