<?xml version="1.0" encoding="UTF-8"?>
<!-- Generated by org.testng.reporters.JUnitReportReporter -->
<testsuite skipped="0" hostname="LAPTOP-VVQB2GH0" name="com.maven.SeleniumTest" tests="2" failures="0" timestamp="2021-02-06T12:32:13 IST" time="0.000" errors="0">
  <testcase name="BrowserAutomation" time="0.000" classname="com.maven.SeleniumTest"/>
  <system-out/>
  <testcase name="elementsUI" time="0.000" classname="com.maven.SeleniumTest"/>
  <system-out/>
</testsuite> <!-- com.maven.SeleniumTest -->
